2017-03-22 22:28:17,960 - Log4JLogChute initialized using file 'velocity.log'
2017-03-22 22:28:17,960 - Initializing Velocity, Calling init()...
2017-03-22 22:28:17,960 - Starting Apache Velocity v1.7 (compiled: 2010-11-19 12:14:37)
2017-03-22 22:28:17,960 - Default Properties File: org\apache\velocity\runtime\defaults\velocity.properties
2017-03-22 22:28:17,960 - Trying to use logger class org.apache.velocity.runtime.log.AvalonLogChute
2017-03-22 22:28:17,960 - Target log system for org.apache.velocity.runtime.log.AvalonLogChute is not available (java.lang.NoClassDefFoundError: org/apache/log/format/Formatter).  Falling back to next log system...
2017-03-22 22:28:17,960 - Trying to use logger class org.apache.velocity.runtime.log.Log4JLogChute
2017-03-22 22:28:17,960 - Using logger class org.apache.velocity.runtime.log.Log4JLogChute
2017-03-22 22:28:17,963 - ResourceLoader instantiated: org.apache.velocity.runtime.resource.loader.ClasspathResourceLoader
2017-03-22 22:28:17,978 - ResourceCache: initialized (class org.apache.velocity.runtime.resource.ResourceCacheImpl) with class java.util.Collections$SynchronizedMap cache map.
2017-03-22 22:28:17,980 - Loaded System Directive: org.apache.velocity.runtime.directive.Stop
2017-03-22 22:28:17,980 - Loaded System Directive: org.apache.velocity.runtime.directive.Define
2017-03-22 22:28:17,981 - Loaded System Directive: org.apache.velocity.runtime.directive.Break
2017-03-22 22:28:17,981 - Loaded System Directive: org.apache.velocity.runtime.directive.Evaluate
2017-03-22 22:28:17,992 - Loaded System Directive: org.apache.velocity.runtime.directive.Literal
2017-03-22 22:28:17,993 - Loaded System Directive: org.apache.velocity.runtime.directive.Macro
2017-03-22 22:28:17,994 - Loaded System Directive: org.apache.velocity.runtime.directive.Parse
2017-03-22 22:28:17,995 - Loaded System Directive: org.apache.velocity.runtime.directive.Include
2017-03-22 22:28:17,995 - Loaded System Directive: org.apache.velocity.runtime.directive.Foreach
2017-03-22 22:28:18,074 - Created '20' parsers.
2017-03-22 22:28:18,084 - Velocimacro : "velocimacro.library" is not set.  Trying default library: VM_global_library.vm
2017-03-22 22:28:18,084 - Could not load resource 'VM_global_library.vm' from ResourceLoader org.apache.velocity.runtime.resource.loader.ClasspathResourceLoader: ClasspathResourceLoader Error: cannot find resource VM_global_library.vm
2017-03-22 22:28:18,084 - Velocimacro : Default library not found.
2017-03-22 22:28:18,084 - Velocimacro : allowInline = true : VMs can be defined inline in templates
2017-03-22 22:28:18,085 - Velocimacro : allowInlineToOverride = false : VMs defined inline may NOT replace previous VM definitions
2017-03-22 22:28:18,085 - Velocimacro : allowInlineLocal = false : VMs defined inline will be global in scope if allowed.
2017-03-22 22:28:18,085 - Velocimacro : autoload off : VM system will not automatically reload global library macros
2017-03-22 22:28:18,281 - ResourceManager : found template/entity.java.vm with loader org.apache.velocity.runtime.resource.loader.ClasspathResourceLoader
2017-03-22 22:28:18,294 - ResourceManager : found template/mapper.java.vm with loader org.apache.velocity.runtime.resource.loader.ClasspathResourceLoader
2017-03-22 22:28:18,300 - ResourceManager : found template/mapper.xml.vm with loader org.apache.velocity.runtime.resource.loader.ClasspathResourceLoader
2017-03-22 22:28:18,303 - ResourceManager : found template/service.java.vm with loader org.apache.velocity.runtime.resource.loader.ClasspathResourceLoader
2017-03-22 22:28:18,305 - ResourceManager : found /template/serviceImpl.java.vm with loader org.apache.velocity.runtime.resource.loader.ClasspathResourceLoader
2017-03-22 22:28:18,316 - ResourceManager : found template/controller.java.vm with loader org.apache.velocity.runtime.resource.loader.ClasspathResourceLoader
2017-03-22 22:33:00,410 - Log4JLogChute initialized using file 'velocity.log'
2017-03-22 22:33:00,410 - Initializing Velocity, Calling init()...
2017-03-22 22:33:00,410 - Starting Apache Velocity v1.7 (compiled: 2010-11-19 12:14:37)
2017-03-22 22:33:00,410 - Default Properties File: org\apache\velocity\runtime\defaults\velocity.properties
2017-03-22 22:33:00,410 - Trying to use logger class org.apache.velocity.runtime.log.AvalonLogChute
2017-03-22 22:33:00,410 - Target log system for org.apache.velocity.runtime.log.AvalonLogChute is not available (java.lang.NoClassDefFoundError: org/apache/log/format/Formatter).  Falling back to next log system...
2017-03-22 22:33:00,410 - Trying to use logger class org.apache.velocity.runtime.log.Log4JLogChute
2017-03-22 22:33:00,411 - Using logger class org.apache.velocity.runtime.log.Log4JLogChute
2017-03-22 22:33:00,413 - ResourceLoader instantiated: org.apache.velocity.runtime.resource.loader.ClasspathResourceLoader
2017-03-22 22:33:00,420 - ResourceCache: initialized (class org.apache.velocity.runtime.resource.ResourceCacheImpl) with class java.util.Collections$SynchronizedMap cache map.
2017-03-22 22:33:00,421 - Loaded System Directive: org.apache.velocity.runtime.directive.Stop
2017-03-22 22:33:00,422 - Loaded System Directive: org.apache.velocity.runtime.directive.Define
2017-03-22 22:33:00,423 - Loaded System Directive: org.apache.velocity.runtime.directive.Break
2017-03-22 22:33:00,423 - Loaded System Directive: org.apache.velocity.runtime.directive.Evaluate
2017-03-22 22:33:00,423 - Loaded System Directive: org.apache.velocity.runtime.directive.Literal
2017-03-22 22:33:00,424 - Loaded System Directive: org.apache.velocity.runtime.directive.Macro
2017-03-22 22:33:00,425 - Loaded System Directive: org.apache.velocity.runtime.directive.Parse
2017-03-22 22:33:00,425 - Loaded System Directive: org.apache.velocity.runtime.directive.Include
2017-03-22 22:33:00,426 - Loaded System Directive: org.apache.velocity.runtime.directive.Foreach
2017-03-22 22:33:00,446 - Created '20' parsers.
2017-03-22 22:33:00,449 - Velocimacro : "velocimacro.library" is not set.  Trying default library: VM_global_library.vm
2017-03-22 22:33:00,450 - Could not load resource 'VM_global_library.vm' from ResourceLoader org.apache.velocity.runtime.resource.loader.ClasspathResourceLoader: ClasspathResourceLoader Error: cannot find resource VM_global_library.vm
2017-03-22 22:33:00,450 - Velocimacro : Default library not found.
2017-03-22 22:33:00,450 - Velocimacro : allowInline = true : VMs can be defined inline in templates
2017-03-22 22:33:00,450 - Velocimacro : allowInlineToOverride = false : VMs defined inline may NOT replace previous VM definitions
2017-03-22 22:33:00,450 - Velocimacro : allowInlineLocal = false : VMs defined inline will be global in scope if allowed.
2017-03-22 22:33:00,450 - Velocimacro : autoload off : VM system will not automatically reload global library macros
2017-03-22 22:33:00,463 - ResourceManager : found template/entity.java.vm with loader org.apache.velocity.runtime.resource.loader.ClasspathResourceLoader
2017-03-22 22:33:00,475 - ResourceManager : found template/mapper.java.vm with loader org.apache.velocity.runtime.resource.loader.ClasspathResourceLoader
2017-03-22 22:33:00,478 - ResourceManager : found template/mapper.xml.vm with loader org.apache.velocity.runtime.resource.loader.ClasspathResourceLoader
2017-03-22 22:33:00,480 - ResourceManager : found template/service.java.vm with loader org.apache.velocity.runtime.resource.loader.ClasspathResourceLoader
2017-03-22 22:33:00,482 - ResourceManager : found /template/serviceImpl.java.vm with loader org.apache.velocity.runtime.resource.loader.ClasspathResourceLoader
2017-03-22 22:33:00,484 - ResourceManager : found template/controller.java.vm with loader org.apache.velocity.runtime.resource.loader.ClasspathResourceLoader
2017-03-22 22:52:13,517 - Log4JLogChute initialized using file 'velocity.log'
2017-03-22 22:52:13,525 - Initializing Velocity, Calling init()...
2017-03-22 22:52:13,525 - Starting Apache Velocity v1.7 (compiled: 2010-11-19 12:14:37)
2017-03-22 22:52:13,525 - Default Properties File: org\apache\velocity\runtime\defaults\velocity.properties
2017-03-22 22:52:13,525 - Trying to use logger class org.apache.velocity.runtime.log.AvalonLogChute
2017-03-22 22:52:13,525 - Target log system for org.apache.velocity.runtime.log.AvalonLogChute is not available (java.lang.NoClassDefFoundError: org/apache/log/format/Formatter).  Falling back to next log system...
2017-03-22 22:52:13,525 - Trying to use logger class org.apache.velocity.runtime.log.Log4JLogChute
2017-03-22 22:52:13,525 - Using logger class org.apache.velocity.runtime.log.Log4JLogChute
2017-03-22 22:52:13,531 - ResourceLoader instantiated: org.apache.velocity.runtime.resource.loader.ClasspathResourceLoader
2017-03-22 22:52:13,539 - ResourceCache: initialized (class org.apache.velocity.runtime.resource.ResourceCacheImpl) with class java.util.Collections$SynchronizedMap cache map.
2017-03-22 22:52:13,540 - Loaded System Directive: org.apache.velocity.runtime.directive.Stop
2017-03-22 22:52:13,541 - Loaded System Directive: org.apache.velocity.runtime.directive.Define
2017-03-22 22:52:13,541 - Loaded System Directive: org.apache.velocity.runtime.directive.Break
2017-03-22 22:52:13,541 - Loaded System Directive: org.apache.velocity.runtime.directive.Evaluate
2017-03-22 22:52:13,542 - Loaded System Directive: org.apache.velocity.runtime.directive.Literal
2017-03-22 22:52:13,543 - Loaded System Directive: org.apache.velocity.runtime.directive.Macro
2017-03-22 22:52:13,543 - Loaded System Directive: org.apache.velocity.runtime.directive.Parse
2017-03-22 22:52:13,544 - Loaded System Directive: org.apache.velocity.runtime.directive.Include
2017-03-22 22:52:13,545 - Loaded System Directive: org.apache.velocity.runtime.directive.Foreach
2017-03-22 22:52:13,565 - Created '20' parsers.
2017-03-22 22:52:13,568 - Velocimacro : "velocimacro.library" is not set.  Trying default library: VM_global_library.vm
2017-03-22 22:52:13,569 - Could not load resource 'VM_global_library.vm' from ResourceLoader org.apache.velocity.runtime.resource.loader.ClasspathResourceLoader: ClasspathResourceLoader Error: cannot find resource VM_global_library.vm
2017-03-22 22:52:13,569 - Velocimacro : Default library not found.
2017-03-22 22:52:13,569 - Velocimacro : allowInline = true : VMs can be defined inline in templates
2017-03-22 22:52:13,569 - Velocimacro : allowInlineToOverride = false : VMs defined inline may NOT replace previous VM definitions
2017-03-22 22:52:13,569 - Velocimacro : allowInlineLocal = false : VMs defined inline will be global in scope if allowed.
2017-03-22 22:52:13,569 - Velocimacro : autoload off : VM system will not automatically reload global library macros
2017-03-22 22:52:13,584 - ResourceManager : found template/entity.java.vm with loader org.apache.velocity.runtime.resource.loader.ClasspathResourceLoader
2017-03-22 22:52:13,597 - ResourceManager : found template/mapper.java.vm with loader org.apache.velocity.runtime.resource.loader.ClasspathResourceLoader
2017-03-22 22:52:13,600 - ResourceManager : found template/mapper.xml.vm with loader org.apache.velocity.runtime.resource.loader.ClasspathResourceLoader
2017-03-22 22:52:13,603 - ResourceManager : found template/service.java.vm with loader org.apache.velocity.runtime.resource.loader.ClasspathResourceLoader
2017-03-22 22:52:13,605 - ResourceManager : found /template/serviceImpl.java.vm with loader org.apache.velocity.runtime.resource.loader.ClasspathResourceLoader
2017-03-22 22:52:13,612 - ResourceManager : found template/controller.java.vm with loader org.apache.velocity.runtime.resource.loader.ClasspathResourceLoader
2017-03-22 22:52:37,087 - Log4JLogChute initialized using file 'velocity.log'
2017-03-22 22:52:37,087 - Initializing Velocity, Calling init()...
2017-03-22 22:52:37,087 - Starting Apache Velocity v1.7 (compiled: 2010-11-19 12:14:37)
2017-03-22 22:52:37,087 - Default Properties File: org\apache\velocity\runtime\defaults\velocity.properties
2017-03-22 22:52:37,087 - Trying to use logger class org.apache.velocity.runtime.log.AvalonLogChute
2017-03-22 22:52:37,087 - Target log system for org.apache.velocity.runtime.log.AvalonLogChute is not available (java.lang.NoClassDefFoundError: org/apache/log/format/Formatter).  Falling back to next log system...
2017-03-22 22:52:37,087 - Trying to use logger class org.apache.velocity.runtime.log.Log4JLogChute
2017-03-22 22:52:37,087 - Using logger class org.apache.velocity.runtime.log.Log4JLogChute
2017-03-22 22:52:37,092 - ResourceLoader instantiated: org.apache.velocity.runtime.resource.loader.ClasspathResourceLoader
2017-03-22 22:52:37,101 - ResourceCache: initialized (class org.apache.velocity.runtime.resource.ResourceCacheImpl) with class java.util.Collections$SynchronizedMap cache map.
2017-03-22 22:52:37,101 - Loaded System Directive: org.apache.velocity.runtime.directive.Stop
2017-03-22 22:52:37,102 - Loaded System Directive: org.apache.velocity.runtime.directive.Define
2017-03-22 22:52:37,102 - Loaded System Directive: org.apache.velocity.runtime.directive.Break
2017-03-22 22:52:37,103 - Loaded System Directive: org.apache.velocity.runtime.directive.Evaluate
2017-03-22 22:52:37,103 - Loaded System Directive: org.apache.velocity.runtime.directive.Literal
2017-03-22 22:52:37,104 - Loaded System Directive: org.apache.velocity.runtime.directive.Macro
2017-03-22 22:52:37,105 - Loaded System Directive: org.apache.velocity.runtime.directive.Parse
2017-03-22 22:52:37,105 - Loaded System Directive: org.apache.velocity.runtime.directive.Include
2017-03-22 22:52:37,106 - Loaded System Directive: org.apache.velocity.runtime.directive.Foreach
2017-03-22 22:52:37,126 - Created '20' parsers.
2017-03-22 22:52:37,130 - Velocimacro : "velocimacro.library" is not set.  Trying default library: VM_global_library.vm
2017-03-22 22:52:37,130 - Could not load resource 'VM_global_library.vm' from ResourceLoader org.apache.velocity.runtime.resource.loader.ClasspathResourceLoader: ClasspathResourceLoader Error: cannot find resource VM_global_library.vm
2017-03-22 22:52:37,130 - Velocimacro : Default library not found.
2017-03-22 22:52:37,130 - Velocimacro : allowInline = true : VMs can be defined inline in templates
2017-03-22 22:52:37,130 - Velocimacro : allowInlineToOverride = false : VMs defined inline may NOT replace previous VM definitions
2017-03-22 22:52:37,130 - Velocimacro : allowInlineLocal = false : VMs defined inline will be global in scope if allowed.
2017-03-22 22:52:37,130 - Velocimacro : autoload off : VM system will not automatically reload global library macros
2017-03-22 22:52:37,144 - ResourceManager : found template/entity.java.vm with loader org.apache.velocity.runtime.resource.loader.ClasspathResourceLoader
2017-03-22 22:52:37,157 - ResourceManager : found template/mapper.java.vm with loader org.apache.velocity.runtime.resource.loader.ClasspathResourceLoader
2017-03-22 22:52:37,160 - ResourceManager : found template/mapper.xml.vm with loader org.apache.velocity.runtime.resource.loader.ClasspathResourceLoader
2017-03-22 22:52:37,163 - ResourceManager : found template/service.java.vm with loader org.apache.velocity.runtime.resource.loader.ClasspathResourceLoader
2017-03-22 22:52:37,165 - ResourceManager : found /template/serviceImpl.java.vm with loader org.apache.velocity.runtime.resource.loader.ClasspathResourceLoader
2017-03-22 22:52:37,167 - ResourceManager : found template/controller.java.vm with loader org.apache.velocity.runtime.resource.loader.ClasspathResourceLoader
2017-03-25 11:05:31,442 - Log4JLogChute initialized using file 'velocity.log'
2017-03-25 11:05:31,453 - Initializing Velocity, Calling init()...
2017-03-25 11:05:31,453 - Starting Apache Velocity v1.7 (compiled: 2010-11-19 12:14:37)
2017-03-25 11:05:31,453 - Default Properties File: org\apache\velocity\runtime\defaults\velocity.properties
2017-03-25 11:05:31,453 - Trying to use logger class org.apache.velocity.runtime.log.AvalonLogChute
2017-03-25 11:05:31,453 - Target log system for org.apache.velocity.runtime.log.AvalonLogChute is not available (java.lang.NoClassDefFoundError: org/apache/log/format/Formatter).  Falling back to next log system...
2017-03-25 11:05:31,453 - Trying to use logger class org.apache.velocity.runtime.log.Log4JLogChute
2017-03-25 11:05:31,453 - Using logger class org.apache.velocity.runtime.log.Log4JLogChute
2017-03-25 11:05:31,455 - ResourceLoader instantiated: org.apache.velocity.runtime.resource.loader.ClasspathResourceLoader
2017-03-25 11:05:31,465 - ResourceCache: initialized (class org.apache.velocity.runtime.resource.ResourceCacheImpl) with class java.util.Collections$SynchronizedMap cache map.
2017-03-25 11:05:31,466 - Loaded System Directive: org.apache.velocity.runtime.directive.Stop
2017-03-25 11:05:31,467 - Loaded System Directive: org.apache.velocity.runtime.directive.Define
2017-03-25 11:05:31,467 - Loaded System Directive: org.apache.velocity.runtime.directive.Break
2017-03-25 11:05:31,468 - Loaded System Directive: org.apache.velocity.runtime.directive.Evaluate
2017-03-25 11:05:31,468 - Loaded System Directive: org.apache.velocity.runtime.directive.Literal
2017-03-25 11:05:31,469 - Loaded System Directive: org.apache.velocity.runtime.directive.Macro
2017-03-25 11:05:31,470 - Loaded System Directive: org.apache.velocity.runtime.directive.Parse
2017-03-25 11:05:31,471 - Loaded System Directive: org.apache.velocity.runtime.directive.Include
2017-03-25 11:05:31,471 - Loaded System Directive: org.apache.velocity.runtime.directive.Foreach
2017-03-25 11:05:31,490 - Created '20' parsers.
2017-03-25 11:05:31,493 - Velocimacro : "velocimacro.library" is not set.  Trying default library: VM_global_library.vm
2017-03-25 11:05:31,494 - Could not load resource 'VM_global_library.vm' from ResourceLoader org.apache.velocity.runtime.resource.loader.ClasspathResourceLoader: ClasspathResourceLoader Error: cannot find resource VM_global_library.vm
2017-03-25 11:05:31,494 - Velocimacro : Default library not found.
2017-03-25 11:05:31,494 - Velocimacro : allowInline = true : VMs can be defined inline in templates
2017-03-25 11:05:31,494 - Velocimacro : allowInlineToOverride = false : VMs defined inline may NOT replace previous VM definitions
2017-03-25 11:05:31,494 - Velocimacro : allowInlineLocal = false : VMs defined inline will be global in scope if allowed.
2017-03-25 11:05:31,494 - Velocimacro : autoload off : VM system will not automatically reload global library macros
2017-03-25 11:05:31,507 - ResourceManager : found template/entity.java.vm with loader org.apache.velocity.runtime.resource.loader.ClasspathResourceLoader
2017-03-25 11:05:31,519 - ResourceManager : found template/mapper.java.vm with loader org.apache.velocity.runtime.resource.loader.ClasspathResourceLoader
2017-03-25 11:05:31,522 - ResourceManager : found template/mapper.xml.vm with loader org.apache.velocity.runtime.resource.loader.ClasspathResourceLoader
2017-03-25 11:05:31,548 - ResourceManager : found template/service.java.vm with loader org.apache.velocity.runtime.resource.loader.ClasspathResourceLoader
2017-03-25 11:05:31,550 - ResourceManager : found /template/serviceImpl.java.vm with loader org.apache.velocity.runtime.resource.loader.ClasspathResourceLoader
2017-03-25 11:05:31,563 - ResourceManager : found template/controller.java.vm with loader org.apache.velocity.runtime.resource.loader.ClasspathResourceLoader
2017-03-25 11:11:33,936 - Log4JLogChute initialized using file 'velocity.log'
2017-03-25 11:11:33,936 - Initializing Velocity, Calling init()...
2017-03-25 11:11:33,936 - Starting Apache Velocity v1.7 (compiled: 2010-11-19 12:14:37)
2017-03-25 11:11:33,936 - Default Properties File: org\apache\velocity\runtime\defaults\velocity.properties
2017-03-25 11:11:33,936 - Trying to use logger class org.apache.velocity.runtime.log.AvalonLogChute
2017-03-25 11:11:33,936 - Target log system for org.apache.velocity.runtime.log.AvalonLogChute is not available (java.lang.NoClassDefFoundError: org/apache/log/format/Formatter).  Falling back to next log system...
2017-03-25 11:11:33,936 - Trying to use logger class org.apache.velocity.runtime.log.Log4JLogChute
2017-03-25 11:11:33,936 - Using logger class org.apache.velocity.runtime.log.Log4JLogChute
2017-03-25 11:11:33,939 - ResourceLoader instantiated: org.apache.velocity.runtime.resource.loader.ClasspathResourceLoader
2017-03-25 11:11:33,949 - ResourceCache: initialized (class org.apache.velocity.runtime.resource.ResourceCacheImpl) with class java.util.Collections$SynchronizedMap cache map.
2017-03-25 11:11:33,950 - Loaded System Directive: org.apache.velocity.runtime.directive.Stop
2017-03-25 11:11:33,951 - Loaded System Directive: org.apache.velocity.runtime.directive.Define
2017-03-25 11:11:33,952 - Loaded System Directive: org.apache.velocity.runtime.directive.Break
2017-03-25 11:11:33,953 - Loaded System Directive: org.apache.velocity.runtime.directive.Evaluate
2017-03-25 11:11:33,953 - Loaded System Directive: org.apache.velocity.runtime.directive.Literal
2017-03-25 11:11:33,954 - Loaded System Directive: org.apache.velocity.runtime.directive.Macro
2017-03-25 11:11:33,955 - Loaded System Directive: org.apache.velocity.runtime.directive.Parse
2017-03-25 11:11:33,956 - Loaded System Directive: org.apache.velocity.runtime.directive.Include
2017-03-25 11:11:33,957 - Loaded System Directive: org.apache.velocity.runtime.directive.Foreach
2017-03-25 11:11:33,979 - Created '20' parsers.
2017-03-25 11:11:33,984 - Velocimacro : "velocimacro.library" is not set.  Trying default library: VM_global_library.vm
2017-03-25 11:11:33,985 - Could not load resource 'VM_global_library.vm' from ResourceLoader org.apache.velocity.runtime.resource.loader.ClasspathResourceLoader: ClasspathResourceLoader Error: cannot find resource VM_global_library.vm
2017-03-25 11:11:33,985 - Velocimacro : Default library not found.
2017-03-25 11:11:33,985 - Velocimacro : allowInline = true : VMs can be defined inline in templates
2017-03-25 11:11:33,985 - Velocimacro : allowInlineToOverride = false : VMs defined inline may NOT replace previous VM definitions
2017-03-25 11:11:33,985 - Velocimacro : allowInlineLocal = false : VMs defined inline will be global in scope if allowed.
2017-03-25 11:11:33,985 - Velocimacro : autoload off : VM system will not automatically reload global library macros
2017-03-25 11:11:34,003 - ResourceManager : found template/entity.java.vm with loader org.apache.velocity.runtime.resource.loader.ClasspathResourceLoader
2017-03-25 11:11:34,018 - ResourceManager : found template/mapper.java.vm with loader org.apache.velocity.runtime.resource.loader.ClasspathResourceLoader
2017-03-25 11:11:34,023 - ResourceManager : found template/mapper.xml.vm with loader org.apache.velocity.runtime.resource.loader.ClasspathResourceLoader
2017-03-25 11:11:34,025 - ResourceManager : found template/service.java.vm with loader org.apache.velocity.runtime.resource.loader.ClasspathResourceLoader
2017-03-25 11:11:34,028 - ResourceManager : found /template/serviceImpl.java.vm with loader org.apache.velocity.runtime.resource.loader.ClasspathResourceLoader
2017-03-25 11:11:34,030 - ResourceManager : found template/controller.java.vm with loader org.apache.velocity.runtime.resource.loader.ClasspathResourceLoader
2017-03-27 13:51:28,166 - Log4JLogChute initialized using file 'velocity.log'
2017-03-27 13:51:28,174 - Initializing Velocity, Calling init()...
2017-03-27 13:51:28,174 - Starting Apache Velocity v1.7 (compiled: 2010-11-19 12:14:37)
2017-03-27 13:51:28,174 - Default Properties File: org\apache\velocity\runtime\defaults\velocity.properties
2017-03-27 13:51:28,174 - Trying to use logger class org.apache.velocity.runtime.log.AvalonLogChute
2017-03-27 13:51:28,174 - Target log system for org.apache.velocity.runtime.log.AvalonLogChute is not available (java.lang.NoClassDefFoundError: org/apache/log/format/Formatter).  Falling back to next log system...
2017-03-27 13:51:28,174 - Trying to use logger class org.apache.velocity.runtime.log.Log4JLogChute
2017-03-27 13:51:28,174 - Using logger class org.apache.velocity.runtime.log.Log4JLogChute
2017-03-27 13:51:28,177 - ResourceLoader instantiated: org.apache.velocity.runtime.resource.loader.ClasspathResourceLoader
2017-03-27 13:51:28,186 - ResourceCache: initialized (class org.apache.velocity.runtime.resource.ResourceCacheImpl) with class java.util.Collections$SynchronizedMap cache map.
2017-03-27 13:51:28,187 - Loaded System Directive: org.apache.velocity.runtime.directive.Stop
2017-03-27 13:51:28,188 - Loaded System Directive: org.apache.velocity.runtime.directive.Define
2017-03-27 13:51:28,188 - Loaded System Directive: org.apache.velocity.runtime.directive.Break
2017-03-27 13:51:28,189 - Loaded System Directive: org.apache.velocity.runtime.directive.Evaluate
2017-03-27 13:51:28,190 - Loaded System Directive: org.apache.velocity.runtime.directive.Literal
2017-03-27 13:51:28,191 - Loaded System Directive: org.apache.velocity.runtime.directive.Macro
2017-03-27 13:51:28,192 - Loaded System Directive: org.apache.velocity.runtime.directive.Parse
2017-03-27 13:51:28,193 - Loaded System Directive: org.apache.velocity.runtime.directive.Include
2017-03-27 13:51:28,194 - Loaded System Directive: org.apache.velocity.runtime.directive.Foreach
2017-03-27 13:51:28,213 - Created '20' parsers.
2017-03-27 13:51:28,216 - Velocimacro : "velocimacro.library" is not set.  Trying default library: VM_global_library.vm
2017-03-27 13:51:28,217 - Could not load resource 'VM_global_library.vm' from ResourceLoader org.apache.velocity.runtime.resource.loader.ClasspathResourceLoader: ClasspathResourceLoader Error: cannot find resource VM_global_library.vm
2017-03-27 13:51:28,217 - Velocimacro : Default library not found.
2017-03-27 13:51:28,217 - Velocimacro : allowInline = true : VMs can be defined inline in templates
2017-03-27 13:51:28,217 - Velocimacro : allowInlineToOverride = false : VMs defined inline may NOT replace previous VM definitions
2017-03-27 13:51:28,217 - Velocimacro : allowInlineLocal = false : VMs defined inline will be global in scope if allowed.
2017-03-27 13:51:28,217 - Velocimacro : autoload off : VM system will not automatically reload global library macros
2017-03-27 13:51:28,231 - ResourceManager : found template/entity.java.vm with loader org.apache.velocity.runtime.resource.loader.ClasspathResourceLoader
2017-03-27 13:51:28,243 - ResourceManager : found template/mapper.java.vm with loader org.apache.velocity.runtime.resource.loader.ClasspathResourceLoader
2017-03-27 13:51:28,246 - ResourceManager : found template/mapper.xml.vm with loader org.apache.velocity.runtime.resource.loader.ClasspathResourceLoader
2017-03-27 13:51:28,248 - ResourceManager : found template/service.java.vm with loader org.apache.velocity.runtime.resource.loader.ClasspathResourceLoader
2017-03-27 13:51:28,250 - ResourceManager : found /template/serviceImpl.java.vm with loader org.apache.velocity.runtime.resource.loader.ClasspathResourceLoader
2017-03-27 13:51:28,252 - ResourceManager : found template/controller.java.vm with loader org.apache.velocity.runtime.resource.loader.ClasspathResourceLoader
2017-03-27 14:01:57,321 - Log4JLogChute initialized using file 'velocity.log'
2017-03-27 14:01:57,321 - Initializing Velocity, Calling init()...
2017-03-27 14:01:57,321 - Starting Apache Velocity v1.7 (compiled: 2010-11-19 12:14:37)
2017-03-27 14:01:57,321 - Default Properties File: org\apache\velocity\runtime\defaults\velocity.properties
2017-03-27 14:01:57,321 - Trying to use logger class org.apache.velocity.runtime.log.AvalonLogChute
2017-03-27 14:01:57,321 - Target log system for org.apache.velocity.runtime.log.AvalonLogChute is not available (java.lang.NoClassDefFoundError: org/apache/log/format/Formatter).  Falling back to next log system...
2017-03-27 14:01:57,321 - Trying to use logger class org.apache.velocity.runtime.log.Log4JLogChute
2017-03-27 14:01:57,321 - Using logger class org.apache.velocity.runtime.log.Log4JLogChute
2017-03-27 14:01:57,324 - ResourceLoader instantiated: org.apache.velocity.runtime.resource.loader.ClasspathResourceLoader
2017-03-27 14:01:57,333 - ResourceCache: initialized (class org.apache.velocity.runtime.resource.ResourceCacheImpl) with class java.util.Collections$SynchronizedMap cache map.
2017-03-27 14:01:57,334 - Loaded System Directive: org.apache.velocity.runtime.directive.Stop
2017-03-27 14:01:57,335 - Loaded System Directive: org.apache.velocity.runtime.directive.Define
2017-03-27 14:01:57,345 - Loaded System Directive: org.apache.velocity.runtime.directive.Break
2017-03-27 14:01:57,346 - Loaded System Directive: org.apache.velocity.runtime.directive.Evaluate
2017-03-27 14:01:57,346 - Loaded System Directive: org.apache.velocity.runtime.directive.Literal
2017-03-27 14:01:57,347 - Loaded System Directive: org.apache.velocity.runtime.directive.Macro
2017-03-27 14:01:57,347 - Loaded System Directive: org.apache.velocity.runtime.directive.Parse
2017-03-27 14:01:57,348 - Loaded System Directive: org.apache.velocity.runtime.directive.Include
2017-03-27 14:01:57,349 - Loaded System Directive: org.apache.velocity.runtime.directive.Foreach
2017-03-27 14:01:57,368 - Created '20' parsers.
2017-03-27 14:01:57,371 - Velocimacro : "velocimacro.library" is not set.  Trying default library: VM_global_library.vm
2017-03-27 14:01:57,371 - Could not load resource 'VM_global_library.vm' from ResourceLoader org.apache.velocity.runtime.resource.loader.ClasspathResourceLoader: ClasspathResourceLoader Error: cannot find resource VM_global_library.vm
2017-03-27 14:01:57,371 - Velocimacro : Default library not found.
2017-03-27 14:01:57,371 - Velocimacro : allowInline = true : VMs can be defined inline in templates
2017-03-27 14:01:57,371 - Velocimacro : allowInlineToOverride = false : VMs defined inline may NOT replace previous VM definitions
2017-03-27 14:01:57,371 - Velocimacro : allowInlineLocal = false : VMs defined inline will be global in scope if allowed.
2017-03-27 14:01:57,371 - Velocimacro : autoload off : VM system will not automatically reload global library macros
2017-03-27 14:01:57,387 - ResourceManager : found template/entity.java.vm with loader org.apache.velocity.runtime.resource.loader.ClasspathResourceLoader
2017-03-27 14:01:57,399 - ResourceManager : found template/mapper.java.vm with loader org.apache.velocity.runtime.resource.loader.ClasspathResourceLoader
2017-03-27 14:01:57,403 - ResourceManager : found template/mapper.xml.vm with loader org.apache.velocity.runtime.resource.loader.ClasspathResourceLoader
2017-03-27 14:01:57,405 - ResourceManager : found template/service.java.vm with loader org.apache.velocity.runtime.resource.loader.ClasspathResourceLoader
2017-03-27 14:01:57,407 - ResourceManager : found /template/serviceImpl.java.vm with loader org.apache.velocity.runtime.resource.loader.ClasspathResourceLoader
2017-03-27 14:01:57,409 - ResourceManager : found template/controller.java.vm with loader org.apache.velocity.runtime.resource.loader.ClasspathResourceLoader
2017-03-27 14:05:38,644 - Log4JLogChute initialized using file 'velocity.log'
2017-03-27 14:05:38,644 - Initializing Velocity, Calling init()...
2017-03-27 14:05:38,644 - Starting Apache Velocity v1.7 (compiled: 2010-11-19 12:14:37)
2017-03-27 14:05:38,644 - Default Properties File: org\apache\velocity\runtime\defaults\velocity.properties
2017-03-27 14:05:38,644 - Trying to use logger class org.apache.velocity.runtime.log.AvalonLogChute
2017-03-27 14:05:38,644 - Target log system for org.apache.velocity.runtime.log.AvalonLogChute is not available (java.lang.NoClassDefFoundError: org/apache/log/format/Formatter).  Falling back to next log system...
2017-03-27 14:05:38,644 - Trying to use logger class org.apache.velocity.runtime.log.Log4JLogChute
2017-03-27 14:05:38,644 - Using logger class org.apache.velocity.runtime.log.Log4JLogChute
2017-03-27 14:05:38,647 - ResourceLoader instantiated: org.apache.velocity.runtime.resource.loader.ClasspathResourceLoader
2017-03-27 14:05:38,655 - ResourceCache: initialized (class org.apache.velocity.runtime.resource.ResourceCacheImpl) with class java.util.Collections$SynchronizedMap cache map.
2017-03-27 14:05:38,657 - Loaded System Directive: org.apache.velocity.runtime.directive.Stop
2017-03-27 14:05:38,657 - Loaded System Directive: org.apache.velocity.runtime.directive.Define
2017-03-27 14:05:38,658 - Loaded System Directive: org.apache.velocity.runtime.directive.Break
2017-03-27 14:05:38,658 - Loaded System Directive: org.apache.velocity.runtime.directive.Evaluate
2017-03-27 14:05:38,659 - Loaded System Directive: org.apache.velocity.runtime.directive.Literal
2017-03-27 14:05:38,660 - Loaded System Directive: org.apache.velocity.runtime.directive.Macro
2017-03-27 14:05:38,661 - Loaded System Directive: org.apache.velocity.runtime.directive.Parse
2017-03-27 14:05:38,662 - Loaded System Directive: org.apache.velocity.runtime.directive.Include
2017-03-27 14:05:38,663 - Loaded System Directive: org.apache.velocity.runtime.directive.Foreach
2017-03-27 14:05:38,685 - Created '20' parsers.
2017-03-27 14:05:38,689 - Velocimacro : "velocimacro.library" is not set.  Trying default library: VM_global_library.vm
2017-03-27 14:05:38,689 - Could not load resource 'VM_global_library.vm' from ResourceLoader org.apache.velocity.runtime.resource.loader.ClasspathResourceLoader: ClasspathResourceLoader Error: cannot find resource VM_global_library.vm
2017-03-27 14:05:38,689 - Velocimacro : Default library not found.
2017-03-27 14:05:38,689 - Velocimacro : allowInline = true : VMs can be defined inline in templates
2017-03-27 14:05:38,689 - Velocimacro : allowInlineToOverride = false : VMs defined inline may NOT replace previous VM definitions
2017-03-27 14:05:38,689 - Velocimacro : allowInlineLocal = false : VMs defined inline will be global in scope if allowed.
2017-03-27 14:05:38,690 - Velocimacro : autoload off : VM system will not automatically reload global library macros
2017-03-27 14:05:38,707 - ResourceManager : found template/entity.java.vm with loader org.apache.velocity.runtime.resource.loader.ClasspathResourceLoader
2017-03-27 14:05:38,720 - ResourceManager : found template/mapper.java.vm with loader org.apache.velocity.runtime.resource.loader.ClasspathResourceLoader
2017-03-27 14:05:38,724 - ResourceManager : found template/mapper.xml.vm with loader org.apache.velocity.runtime.resource.loader.ClasspathResourceLoader
2017-03-27 14:05:38,726 - ResourceManager : found template/service.java.vm with loader org.apache.velocity.runtime.resource.loader.ClasspathResourceLoader
2017-03-27 14:05:38,728 - ResourceManager : found /template/serviceImpl.java.vm with loader org.apache.velocity.runtime.resource.loader.ClasspathResourceLoader
2017-03-27 14:05:38,730 - ResourceManager : found template/controller.java.vm with loader org.apache.velocity.runtime.resource.loader.ClasspathResourceLoader
2017-03-27 22:05:11,392 - Log4JLogChute initialized using file 'velocity.log'
2017-03-27 22:05:11,398 - Initializing Velocity, Calling init()...
2017-03-27 22:05:11,398 - Starting Apache Velocity v1.7 (compiled: 2010-11-19 12:14:37)
2017-03-27 22:05:11,398 - Default Properties File: org\apache\velocity\runtime\defaults\velocity.properties
2017-03-27 22:05:11,398 - Trying to use logger class org.apache.velocity.runtime.log.AvalonLogChute
2017-03-27 22:05:11,398 - Target log system for org.apache.velocity.runtime.log.AvalonLogChute is not available (java.lang.NoClassDefFoundError: org/apache/log/format/Formatter).  Falling back to next log system...
2017-03-27 22:05:11,398 - Trying to use logger class org.apache.velocity.runtime.log.Log4JLogChute
2017-03-27 22:05:11,398 - Using logger class org.apache.velocity.runtime.log.Log4JLogChute
2017-03-27 22:05:11,401 - ResourceLoader instantiated: org.apache.velocity.runtime.resource.loader.ClasspathResourceLoader
2017-03-27 22:05:11,409 - ResourceCache: initialized (class org.apache.velocity.runtime.resource.ResourceCacheImpl) with class java.util.Collections$SynchronizedMap cache map.
2017-03-27 22:05:11,410 - Loaded System Directive: org.apache.velocity.runtime.directive.Stop
2017-03-27 22:05:11,411 - Loaded System Directive: org.apache.velocity.runtime.directive.Define
2017-03-27 22:05:11,411 - Loaded System Directive: org.apache.velocity.runtime.directive.Break
2017-03-27 22:05:11,412 - Loaded System Directive: org.apache.velocity.runtime.directive.Evaluate
2017-03-27 22:05:11,412 - Loaded System Directive: org.apache.velocity.runtime.directive.Literal
2017-03-27 22:05:11,413 - Loaded System Directive: org.apache.velocity.runtime.directive.Macro
2017-03-27 22:05:11,413 - Loaded System Directive: org.apache.velocity.runtime.directive.Parse
2017-03-27 22:05:11,414 - Loaded System Directive: org.apache.velocity.runtime.directive.Include
2017-03-27 22:05:11,415 - Loaded System Directive: org.apache.velocity.runtime.directive.Foreach
2017-03-27 22:05:11,433 - Created '20' parsers.
2017-03-27 22:05:11,448 - Velocimacro : "velocimacro.library" is not set.  Trying default library: VM_global_library.vm
2017-03-27 22:05:11,449 - Could not load resource 'VM_global_library.vm' from ResourceLoader org.apache.velocity.runtime.resource.loader.ClasspathResourceLoader: ClasspathResourceLoader Error: cannot find resource VM_global_library.vm
2017-03-27 22:05:11,449 - Velocimacro : Default library not found.
2017-03-27 22:05:11,449 - Velocimacro : allowInline = true : VMs can be defined inline in templates
2017-03-27 22:05:11,449 - Velocimacro : allowInlineToOverride = false : VMs defined inline may NOT replace previous VM definitions
2017-03-27 22:05:11,449 - Velocimacro : allowInlineLocal = false : VMs defined inline will be global in scope if allowed.
2017-03-27 22:05:11,449 - Velocimacro : autoload off : VM system will not automatically reload global library macros
2017-03-27 22:05:11,463 - ResourceManager : found template/entity.java.vm with loader org.apache.velocity.runtime.resource.loader.ClasspathResourceLoader
2017-03-27 22:05:11,512 - ResourceManager : found template/mapper.java.vm with loader org.apache.velocity.runtime.resource.loader.ClasspathResourceLoader
2017-03-27 22:05:11,545 - ResourceManager : found template/mapper.xml.vm with loader org.apache.velocity.runtime.resource.loader.ClasspathResourceLoader
2017-03-27 22:05:11,547 - ResourceManager : found template/service.java.vm with loader org.apache.velocity.runtime.resource.loader.ClasspathResourceLoader
2017-03-27 22:05:11,549 - ResourceManager : found /template/serviceImpl.java.vm with loader org.apache.velocity.runtime.resource.loader.ClasspathResourceLoader
2017-03-27 22:05:11,551 - ResourceManager : found template/controller.java.vm with loader org.apache.velocity.runtime.resource.loader.ClasspathResourceLoader
2017-03-27 22:13:35,057 - Log4JLogChute initialized using file 'velocity.log'
2017-03-27 22:13:35,058 - Initializing Velocity, Calling init()...
2017-03-27 22:13:35,058 - Starting Apache Velocity v1.7 (compiled: 2010-11-19 12:14:37)
2017-03-27 22:13:35,058 - Default Properties File: org\apache\velocity\runtime\defaults\velocity.properties
2017-03-27 22:13:35,058 - Trying to use logger class org.apache.velocity.runtime.log.AvalonLogChute
2017-03-27 22:13:35,058 - Target log system for org.apache.velocity.runtime.log.AvalonLogChute is not available (java.lang.NoClassDefFoundError: org/apache/log/format/Formatter).  Falling back to next log system...
2017-03-27 22:13:35,058 - Trying to use logger class org.apache.velocity.runtime.log.Log4JLogChute
2017-03-27 22:13:35,058 - Using logger class org.apache.velocity.runtime.log.Log4JLogChute
2017-03-27 22:13:35,061 - ResourceLoader instantiated: org.apache.velocity.runtime.resource.loader.ClasspathResourceLoader
2017-03-27 22:13:35,071 - ResourceCache: initialized (class org.apache.velocity.runtime.resource.ResourceCacheImpl) with class java.util.Collections$SynchronizedMap cache map.
2017-03-27 22:13:35,076 - Loaded System Directive: org.apache.velocity.runtime.directive.Stop
2017-03-27 22:13:35,077 - Loaded System Directive: org.apache.velocity.runtime.directive.Define
2017-03-27 22:13:35,078 - Loaded System Directive: org.apache.velocity.runtime.directive.Break
2017-03-27 22:13:35,079 - Loaded System Directive: org.apache.velocity.runtime.directive.Evaluate
2017-03-27 22:13:35,080 - Loaded System Directive: org.apache.velocity.runtime.directive.Literal
2017-03-27 22:13:35,081 - Loaded System Directive: org.apache.velocity.runtime.directive.Macro
2017-03-27 22:13:35,082 - Loaded System Directive: org.apache.velocity.runtime.directive.Parse
2017-03-27 22:13:35,108 - Loaded System Directive: org.apache.velocity.runtime.directive.Include
2017-03-27 22:13:35,126 - Loaded System Directive: org.apache.velocity.runtime.directive.Foreach
2017-03-27 22:13:35,154 - Created '20' parsers.
2017-03-27 22:13:35,159 - Velocimacro : "velocimacro.library" is not set.  Trying default library: VM_global_library.vm
2017-03-27 22:13:35,160 - Could not load resource 'VM_global_library.vm' from ResourceLoader org.apache.velocity.runtime.resource.loader.ClasspathResourceLoader: ClasspathResourceLoader Error: cannot find resource VM_global_library.vm
2017-03-27 22:13:35,160 - Velocimacro : Default library not found.
2017-03-27 22:13:35,160 - Velocimacro : allowInline = true : VMs can be defined inline in templates
2017-03-27 22:13:35,160 - Velocimacro : allowInlineToOverride = false : VMs defined inline may NOT replace previous VM definitions
2017-03-27 22:13:35,160 - Velocimacro : allowInlineLocal = false : VMs defined inline will be global in scope if allowed.
2017-03-27 22:13:35,160 - Velocimacro : autoload off : VM system will not automatically reload global library macros
2017-03-27 22:13:35,181 - ResourceManager : found template/entity.java.vm with loader org.apache.velocity.runtime.resource.loader.ClasspathResourceLoader
2017-03-27 22:13:35,202 - ResourceManager : found template/mapper.java.vm with loader org.apache.velocity.runtime.resource.loader.ClasspathResourceLoader
2017-03-27 22:13:35,208 - ResourceManager : found template/mapper.xml.vm with loader org.apache.velocity.runtime.resource.loader.ClasspathResourceLoader
2017-03-27 22:13:35,213 - ResourceManager : found template/service.java.vm with loader org.apache.velocity.runtime.resource.loader.ClasspathResourceLoader
2017-03-27 22:13:35,216 - ResourceManager : found /template/serviceImpl.java.vm with loader org.apache.velocity.runtime.resource.loader.ClasspathResourceLoader
2017-03-27 22:13:35,219 - ResourceManager : found template/controller.java.vm with loader org.apache.velocity.runtime.resource.loader.ClasspathResourceLoader
